time="2023-12-09 20:41:06" level=info Agent=PostmanRuntime/7.35.0 Hostname=MacBook-Pro.local Ip=127.0.0.1 Method=POST datasize=202 path=/api/v1/user/add spendtime="2 ms" status=200
time="2023-12-09 20:41:11" level=info Agent=PostmanRuntime/7.35.0 Hostname=MacBook-Pro.local Ip=127.0.0.1 Method=GET datasize=214 path=/api/v1/users spendtime="3 ms" status=200
time="2023-12-09 20:41:17" level=info Agent=PostmanRuntime/7.35.0 Hostname=MacBook-Pro.local Ip=127.0.0.1 Method=GET datasize=214 path=/api/v1/users spendtime="24 ms" status=200
time="2023-12-09 20:41:18" level=info Agent=PostmanRuntime/7.35.0 Hostname=MacBook-Pro.local Ip=127.0.0.1 Method=GET datasize=214 path=/api/v1/users spendtime="1 ms" status=200
time="2023-12-09 20:41:20" level=info Agent=PostmanRuntime/7.35.0 Hostname=MacBook-Pro.local Ip=127.0.0.1 Method=POST datasize=202 path=/api/v1/user/add spendtime="1 ms" status=200
time="2023-12-09 20:41:28" level=info Agent=PostmanRuntime/7.35.0 Hostname=MacBook-Pro.local Ip=127.0.0.1 Method=GET datasize=214 path=/api/v1/users spendtime="8 ms" status=200
time="2023-12-09 20:41:29" level=info Agent=PostmanRuntime/7.35.0 Hostname=MacBook-Pro.local Ip=127.0.0.1 Method=GET datasize=214 path=/api/v1/users spendtime="1 ms" status=200
time="2023-12-09 21:11:42" level=info Agent=PostmanRuntime/7.35.0 Hostname=LAPTOP-FH0DMLT2 Ip="::1" Method=GET datasize=872 path="/api/v1/users?pagesize=5&pagenum=1" spendtime="22 ms" status=200
time="2023-12-09 21:11:50" level=info Agent=PostmanRuntime/7.35.0 Hostname=LAPTOP-FH0DMLT2 Ip="::1" Method=GET datasize=872 path="/api/v1/users?pagesize=5&pagenum=1" spendtime="1 ms" status=200
time="2023-12-09 21:50:50" level=info Agent=PostmanRuntime/7.35.0 Hostname=LAPTOP-FH0DMLT2 Ip="::1" Method=GET datasize=872 path="/api/v1/users?pagesize=5&pagenum=1" spendtime="12 ms" status=200
time="2023-12-09 21:50:53" level=info Agent=PostmanRuntime/7.35.0 Hostname=LAPTOP-FH0DMLT2 Ip="::1" Method=GET datasize=378 path="/api/v1/users?pagesize=5&pagenum=2" spendtime="7 ms" status=200
time="2023-12-09 21:50:56" level=info Agent=PostmanRuntime/7.35.0 Hostname=LAPTOP-FH0DMLT2 Ip="::1" Method=GET datasize=872 path="/api/v1/users?pagesize=5&pagenum=1" spendtime="0 ms" status=200
time="2023-12-09 22:38:18" level=info Agent=PostmanRuntime/7.35.0 Hostname=LAPTOP-FH0DMLT2 Ip="::1" Method=GET datasize=49 path="/api/v1/users?pagesize=5&pagenum=1" spendtime="12 ms" status=200
time="2023-12-09 22:45:22" level=info Agent=PostmanRuntime/7.35.0 Hostname=LAPTOP-FH0DMLT2 Ip="::1" Method=POST datasize=332 path=/api/v1/user/add spendtime="46 ms" status=200
time="2023-12-09 22:48:01" level=info Agent=PostmanRuntime/7.35.0 Hostname=LAPTOP-FH0DMLT2 Ip="::1" Method=POST datasize=308 path=/api/v1/user/add spendtime="42 ms" status=200
time="2023-12-09 22:51:23" level=info Agent=PostmanRuntime/7.35.0 Hostname=LAPTOP-FH0DMLT2 Ip="::1" Method=POST datasize=308 path=/api/v1/user/add spendtime="45 ms" status=200
time="2023-12-09 22:53:18" level=info Agent=PostmanRuntime/7.35.0 Hostname=LAPTOP-FH0DMLT2 Ip="::1" Method=POST datasize=308 path=/api/v1/user/add spendtime="48 ms" status=200
time="2023-12-09 22:59:34" level=info Agent=PostmanRuntime/7.35.0 Hostname=LAPTOP-FH0DMLT2 Ip="::1" Method=POST datasize=298 path=/api/v1/user/add spendtime="21 ms" status=200
time="2023-12-09 23:06:53" level=info Agent=PostmanRuntime/7.35.0 Hostname=LAPTOP-FH0DMLT2 Ip="::1" Method=POST datasize=298 path=/api/v1/user/add spendtime="23 ms" status=200
time="2023-12-09 23:21:20" level=info Agent=PostmanRuntime/7.35.0 Hostname=LAPTOP-FH0DMLT2 Ip="::1" Method=POST datasize=306 path=/api/v1/user/add spendtime="50 ms" status=200
time="2023-12-09 23:21:35" level=info Agent=PostmanRuntime/7.35.0 Hostname=LAPTOP-FH0DMLT2 Ip="::1" Method=POST datasize=298 path=/api/v1/user/add spendtime="9 ms" status=200
time="2023-12-09 23:21:42" level=info Agent=PostmanRuntime/7.35.0 Hostname=LAPTOP-FH0DMLT2 Ip="::1" Method=GET datasize=318 path="/api/v1/users?pagesize=5&pagenum=1" spendtime="1 ms" status=200
time="2023-12-09 23:24:41" level=info Agent=PostmanRuntime/7.35.0 Hostname=LAPTOP-FH0DMLT2 Ip="::1" Method=POST datasize=57 path=/api/v1/login spendtime="32 ms" status=200
time="2023-12-09 23:24:45" level=info Agent=PostmanRuntime/7.35.0 Hostname=LAPTOP-FH0DMLT2 Ip="::1" Method=POST datasize=42 path=/api/v1/login spendtime="39 ms" status=200
time="2023-12-09 23:27:07" level=info Agent=PostmanRuntime/7.35.0 Hostname=LAPTOP-FH0DMLT2 Ip="::1" Method=POST datasize=42 path=/api/v1/login spendtime="57 ms" status=200
time="2023-12-09 23:27:10" level=info Agent=PostmanRuntime/7.35.0 Hostname=LAPTOP-FH0DMLT2 Ip="::1" Method=POST datasize=42 path=/api/v1/login spendtime="50 ms" status=200
time="2023-12-09 23:27:13" level=info Agent=PostmanRuntime/7.35.0 Hostname=LAPTOP-FH0DMLT2 Ip="::1" Method=POST datasize=57 path=/api/v1/login spendtime="54 ms" status=200
time="2023-12-09 23:27:21" level=info Agent=PostmanRuntime/7.35.0 Hostname=LAPTOP-FH0DMLT2 Ip="::1" Method=POST datasize=54 path=/api/v1/login spendtime="2 ms" status=200
time="2023-12-09 23:27:28" level=info Agent=PostmanRuntime/7.35.0 Hostname=LAPTOP-FH0DMLT2 Ip="::1" Method=POST datasize=42 path=/api/v1/login spendtime="49 ms" status=200
time="2023-12-09 23:29:50" level=info Agent=PostmanRuntime/7.35.0 Hostname=LAPTOP-FH0DMLT2 Ip="::1" Method=POST datasize=42 path=/api/v1/login spendtime="44 ms" status=200
time="2023-12-09 23:29:52" level=info Agent=PostmanRuntime/7.35.0 Hostname=LAPTOP-FH0DMLT2 Ip="::1" Method=POST datasize=42 path=/api/v1/login spendtime="32 ms" status=200
time="2023-12-09 23:29:53" level=info Agent=PostmanRuntime/7.35.0 Hostname=LAPTOP-FH0DMLT2 Ip="::1" Method=POST datasize=42 path=/api/v1/login spendtime="33 ms" status=200
time="2023-12-09 23:29:56" level=info Agent=PostmanRuntime/7.35.0 Hostname=LAPTOP-FH0DMLT2 Ip="::1" Method=POST datasize=57 path=/api/v1/login spendtime="35 ms" status=200
time="2023-12-09 23:30:01" level=info Agent=PostmanRuntime/7.35.0 Hostname=LAPTOP-FH0DMLT2 Ip="::1" Method=POST datasize=42 path=/api/v1/login spendtime="30 ms" status=200
time="2023-12-09 23:30:47" level=info Agent=PostmanRuntime/7.35.0 Hostname=LAPTOP-FH0DMLT2 Ip="::1" Method=POST datasize=42 path=/api/v1/login spendtime="42 ms" status=200
time="2023-12-09 23:30:48" level=info Agent=PostmanRuntime/7.35.0 Hostname=LAPTOP-FH0DMLT2 Ip="::1" Method=POST datasize=42 path=/api/v1/login spendtime="33 ms" status=200
time="2023-12-09 23:47:37" level=info Agent=PostmanRuntime/7.35.0 Hostname=LAPTOP-FH0DMLT2 Ip="::1" Method=POST datasize=219 path=/api/v1/login spendtime="46 ms" status=200
time="2023-12-09 23:50:21" level=info Agent=PostmanRuntime/7.35.0 Hostname=LAPTOP-FH0DMLT2 Ip="::1" Method=POST datasize=219 path=/api/v1/login spendtime="43 ms" status=200
time="2023-12-09 23:50:22" level=info Agent=PostmanRuntime/7.35.0 Hostname=LAPTOP-FH0DMLT2 Ip="::1" Method=POST datasize=219 path=/api/v1/login spendtime="32 ms" status=200
