time="2024-01-30 14:04:17" level=info Agent= Hostname=LAPTOP-FH0DMLT2 Ip=127.0.0.1 Method=GET datasize=0 path=/ws/sensor spendtime="16062 ms" status=200
time="2024-01-30 14:27:21" level=info Agent="Apifox/1.0.0 (https://apifox.com)" Hostname=LAPTOP-FH0DMLT2 Ip="::1" Method=POST datasize=241 path=/api/v1/login spendtime="47 ms" status=200
time="2024-01-30 14:27:42" level=info Agent="Apifox/1.0.0 (https://apifox.com)" Hostname=LAPTOP-FH0DMLT2 Ip="::1" Method=GET datasize=4894 path=/api/v1/data/get spendtime="4 ms" status=200
time="2024-01-30 14:29:43" level=info Agent="Apifox/1.0.0 (https://apifox.com)" Hostname=LAPTOP-FH0DMLT2 Ip="::1" Method=GET datasize=40 path=/api/v1/data/get spendtime="0 ms" status=200
time="2024-01-30 14:29:51" level=info Agent="Apifox/1.0.0 (https://apifox.com)" Hostname=LAPTOP-FH0DMLT2 Ip="::1" Method=POST datasize=241 path=/api/v1/login spendtime="35 ms" status=200
time="2024-01-30 14:30:07" level=info Agent="Apifox/1.0.0 (https://apifox.com)" Hostname=LAPTOP-FH0DMLT2 Ip="::1" Method=GET datasize=40 path=/api/v1/data/get spendtime="0 ms" status=200
time="2024-01-30 14:30:17" level=info Agent="Apifox/1.0.0 (https://apifox.com)" Hostname=LAPTOP-FH0DMLT2 Ip="::1" Method=GET datasize=40 path=/api/v1/data/get spendtime="0 ms" status=200
time="2024-01-30 14:30:34" level=info Agent="Apifox/1.0.0 (https://apifox.com)" Hostname=LAPTOP-FH0DMLT2 Ip="::1" Method=GET datasize=4894 path=/api/v1/data/get spendtime="3 ms" status=200
time="2024-01-30 14:30:51" level=info Agent="Apifox/1.0.0 (https://apifox.com)" Hostname=LAPTOP-FH0DMLT2 Ip="::1" Method=GET datasize=307 path=/api/v1/users spendtime="4 ms" status=200
time="2024-01-30 14:32:40" level=info Agent="Apifox/1.0.0 (https://apifox.com)" Hostname=LAPTOP-FH0DMLT2 Ip="::1" Method=GET datasize=49 path="/api/v1/data/getBySN?sn=JC09" spendtime="6 ms" status=200
time="2024-01-30 14:59:32" level=info Agent="Apifox/1.0.0 (https://apifox.com)" Hostname=LAPTOP-FH0DMLT2 Ip="::1" Method=GET datasize=49 path="/api/v1/data/getBySN?sn=JC09" spendtime="7 ms" status=200
time="2024-01-30 15:00:47" level=info Agent="Apifox/1.0.0 (https://apifox.com)" Hostname=LAPTOP-FH0DMLT2 Ip="::1" Method=GET datasize=49 path="/api/v1/data/getBySN?sn=JC09" spendtime="4 ms" status=200
time="2024-01-30 15:01:02" level=info Agent="Apifox/1.0.0 (https://apifox.com)" Hostname=LAPTOP-FH0DMLT2 Ip="::1" Method=GET datasize=49 path="/api/v1/data/getBySN?sensor_name=JC09" spendtime="2 ms" status=200
time="2024-01-30 15:01:13" level=info Agent="Apifox/1.0.0 (https://apifox.com)" Hostname=LAPTOP-FH0DMLT2 Ip="::1" Method=GET datasize=595 path="/api/v1/project/getByName?name=%E4%B8%80" spendtime="4 ms" status=200
time="2024-01-30 15:04:08" level=info Agent="Apifox/1.0.0 (https://apifox.com)" Hostname=LAPTOP-FH0DMLT2 Ip="::1" Method=GET datasize=49 path="/api/v1/data/getBySN?sn=JC09" spendtime="2 ms" status=200
time="2024-01-30 15:05:37" level=info Agent="Apifox/1.0.0 (https://apifox.com)" Hostname=LAPTOP-FH0DMLT2 Ip="::1" Method=POST datasize=241 path=/api/v1/login spendtime="33 ms" status=200
time="2024-01-30 15:05:56" level=info Agent="Apifox/1.0.0 (https://apifox.com)" Hostname=LAPTOP-FH0DMLT2 Ip="::1" Method=GET datasize=49 path="/api/v1/data/getBySN?sn=JC09" spendtime="3 ms" status=200
time="2024-01-30 15:05:58" level=info Agent="Apifox/1.0.0 (https://apifox.com)" Hostname=LAPTOP-FH0DMLT2 Ip="::1" Method=GET datasize=49 path="/api/v1/data/getBySN?sn=JC09" spendtime="0 ms" status=200
time="2024-01-30 15:07:07" level=info Agent="Apifox/1.0.0 (https://apifox.com)" Hostname=LAPTOP-FH0DMLT2 Ip="::1" Method=GET datasize=49 path="/api/v1/data/getBySN?sn=JC09" spendtime="3 ms" status=200
time="2024-01-30 15:11:38" level=info Agent="Apifox/1.0.0 (https://apifox.com)" Hostname=LAPTOP-FH0DMLT2 Ip="::1" Method=GET datasize=4894 path=/api/v1/data/get spendtime="4 ms" status=200
time="2024-01-30 15:12:38" level=info Agent="Apifox/1.0.0 (https://apifox.com)" Hostname=LAPTOP-FH0DMLT2 Ip="::1" Method=GET datasize=595 path="/api/v1/project/getByName?name=%E4%B8%80" spendtime="1 ms" status=200
time="2024-01-30 15:12:49" level=info Agent="Apifox/1.0.0 (https://apifox.com)" Hostname=LAPTOP-FH0DMLT2 Ip="::1" Method=GET datasize=49 path="/api/v1/data/getBySN?sn=JC09" spendtime="4 ms" status=200
time="2024-01-30 15:12:54" level=info Agent="Apifox/1.0.0 (https://apifox.com)" Hostname=LAPTOP-FH0DMLT2 Ip="::1" Method=GET datasize=49 path="/api/v1/data/getBySN?sn=JC09" spendtime="3 ms" status=200
time="2024-01-30 15:13:50" level=info Agent="Apifox/1.0.0 (https://apifox.com)" Hostname=LAPTOP-FH0DMLT2 Ip="::1" Method=GET datasize=49 path="/api/v1/data/getBySN?sn=" spendtime="4 ms" status=200
time="2024-01-30 15:13:54" level=info Agent="Apifox/1.0.0 (https://apifox.com)" Hostname=LAPTOP-FH0DMLT2 Ip="::1" Method=GET datasize=49 path="/api/v1/data/getBySN?sn=1" spendtime="2 ms" status=200
time="2024-01-30 15:16:19" level=info Agent="Apifox/1.0.0 (https://apifox.com)" Hostname=LAPTOP-FH0DMLT2 Ip="::1" Method=POST datasize=241 path=/api/v1/login spendtime="49 ms" status=200
time="2024-01-30 15:16:41" level=info Agent="Apifox/1.0.0 (https://apifox.com)" Hostname=LAPTOP-FH0DMLT2 Ip="::1" Method=GET datasize=4894 path="/api/v1/data/getBySN?sn=J" spendtime="4 ms" status=200
time="2024-01-30 15:16:46" level=info Agent="Apifox/1.0.0 (https://apifox.com)" Hostname=LAPTOP-FH0DMLT2 Ip="::1" Method=GET datasize=4894 path="/api/v1/data/getBySN?sn=JC" spendtime="4 ms" status=200
time="2024-01-30 15:16:49" level=info Agent="Apifox/1.0.0 (https://apifox.com)" Hostname=LAPTOP-FH0DMLT2 Ip="::1" Method=GET datasize=4894 path="/api/v1/data/getBySN?sn=JC0" spendtime="1 ms" status=200
time="2024-01-30 15:16:52" level=info Agent="Apifox/1.0.0 (https://apifox.com)" Hostname=LAPTOP-FH0DMLT2 Ip="::1" Method=GET datasize=4894 path="/api/v1/data/getBySN?sn=JC09" spendtime="2 ms" status=200
time="2024-01-30 15:16:56" level=info Agent="Apifox/1.0.0 (https://apifox.com)" Hostname=LAPTOP-FH0DMLT2 Ip="::1" Method=GET datasize=4894 path="/api/v1/data/getBySN?sn=JC091" spendtime="1 ms" status=200
time="2024-01-30 15:17:04" level=info Agent="Apifox/1.0.0 (https://apifox.com)" Hostname=LAPTOP-FH0DMLT2 Ip="::1" Method=GET datasize=4894 path="/api/v1/data/getBySN?sn=11" spendtime="2 ms" status=200
time="2024-01-30 15:17:12" level=info Agent="Apifox/1.0.0 (https://apifox.com)" Hostname=LAPTOP-FH0DMLT2 Ip="::1" Method=GET datasize=4894 path="/api/v1/data/getBySN?sn=0" spendtime="0 ms" status=200
time="2024-01-30 15:17:17" level=info Agent="Apifox/1.0.0 (https://apifox.com)" Hostname=LAPTOP-FH0DMLT2 Ip="::1" Method=GET datasize=4894 path="/api/v1/data/getBySN?sn=NIMA" spendtime="4 ms" status=200
time="2024-01-30 17:28:49" level=info Agent="Apifox/1.0.0 (https://apifox.com)" Hostname=LAPTOP-FH0DMLT2 Ip="::1" Method=POST datasize=241 path=/api/v1/login spendtime="40 ms" status=200
time="2024-01-30 17:29:08" level=info Agent="Apifox/1.0.0 (https://apifox.com)" Hostname=LAPTOP-FH0DMLT2 Ip="::1" Method=GET datasize=4894 path=/api/v1/data/get spendtime="5 ms" status=200
time="2024-01-30 17:29:18" level=info Agent="Apifox/1.0.0 (https://apifox.com)" Hostname=LAPTOP-FH0DMLT2 Ip="::1" Method=GET datasize=55 path="/api/v1/project/getByName?name=er" spendtime="0 ms" status=200
time="2024-01-30 17:29:24" level=info Agent="Apifox/1.0.0 (https://apifox.com)" Hostname=LAPTOP-FH0DMLT2 Ip="::1" Method=GET datasize=595 path="/api/v1/project/getByName?name=%E4%B8%80" spendtime="3 ms" status=200
time="2024-01-30 17:29:30" level=info Agent="Apifox/1.0.0 (https://apifox.com)" Hostname=LAPTOP-FH0DMLT2 Ip="::1" Method=GET datasize=4894 path="/api/v1/data/getBySN?sn=NIMA" spendtime="1 ms" status=200
time="2024-01-30 17:29:38" level=info Agent="Apifox/1.0.0 (https://apifox.com)" Hostname=LAPTOP-FH0DMLT2 Ip="::1" Method=GET datasize=4894 path="/api/v1/data/getBySN?sn=%EF%BC%9F" spendtime="3 ms" status=200
time="2024-01-30 17:31:55" level=info Agent="Apifox/1.0.0 (https://apifox.com)" Hostname=LAPTOP-FH0DMLT2 Ip="::1" Method=GET datasize=307 path=/api/v1/users spendtime="4 ms" status=200
time="2024-01-30 17:36:32" level=info Agent="Apifox/1.0.0 (https://apifox.com)" Hostname=LAPTOP-FH0DMLT2 Ip="::1" Method=POST datasize=29 path=/api/v1/project/add spendtime="9 ms" status=200
time="2024-01-30 17:36:36" level=info Agent="Apifox/1.0.0 (https://apifox.com)" Hostname=LAPTOP-FH0DMLT2 Ip="::1" Method=GET datasize=1166 path=/api/v1/projects spendtime="2 ms" status=200
time="2024-01-30 17:36:55" level=info Agent="Apifox/1.0.0 (https://apifox.com)" Hostname=LAPTOP-FH0DMLT2 Ip="::1" Method=GET datasize=595 path="/api/v1/project/getByName?name=%E7%AC%AC" spendtime="2 ms" status=200
time="2024-01-30 17:39:24" level=info Agent="Apifox/1.0.0 (https://apifox.com)" Hostname=LAPTOP-FH0DMLT2 Ip="::1" Method=POST datasize=241 path=/api/v1/login spendtime="39 ms" status=200
time="2024-01-30 17:39:38" level=info Agent="Apifox/1.0.0 (https://apifox.com)" Hostname=LAPTOP-FH0DMLT2 Ip="::1" Method=GET datasize=4894 path=/api/v1/data/get spendtime="4 ms" status=200
time="2024-01-30 17:39:49" level=info Agent="Apifox/1.0.0 (https://apifox.com)" Hostname=LAPTOP-FH0DMLT2 Ip="::1" Method=GET datasize=369 path="/api/v1/data/getBySN?sn=%EF%BC%9F" spendtime="1 ms" status=200
time="2024-01-30 17:39:59" level=info Agent="Apifox/1.0.0 (https://apifox.com)" Hostname=LAPTOP-FH0DMLT2 Ip="::1" Method=GET datasize=369 path="/api/v1/data/getBySN?sn=J" spendtime="3 ms" status=200
time="2024-01-30 17:40:04" level=info Agent="Apifox/1.0.0 (https://apifox.com)" Hostname=LAPTOP-FH0DMLT2 Ip="::1" Method=GET datasize=369 path="/api/v1/data/getBySN?sn=%E6%97%A0" spendtime="1 ms" status=200
time="2024-01-30 17:48:41" level=info Agent="Apifox/1.0.0 (https://apifox.com)" Hostname=LAPTOP-FH0DMLT2 Ip="::1" Method=POST datasize=241 path=/api/v1/login spendtime="41 ms" status=200
time="2024-01-30 17:49:20" level=info Agent="Apifox/1.0.0 (https://apifox.com)" Hostname=LAPTOP-FH0DMLT2 Ip="::1" Method=GET datasize=373 path="/api/v1/data/getBySN?sn=%E6%97%A0" spendtime="2 ms" status=200
time="2024-01-30 17:49:29" level=info Agent="Apifox/1.0.0 (https://apifox.com)" Hostname=LAPTOP-FH0DMLT2 Ip="::1" Method=GET datasize=373 path="/api/v1/data/getBySN?sn=%E5%95%8A%EF%BC%9F" spendtime="0 ms" status=200
time="2024-01-30 17:49:34" level=info Agent="Apifox/1.0.0 (https://apifox.com)" Hostname=LAPTOP-FH0DMLT2 Ip="::1" Method=GET datasize=373 path="/api/v1/data/getBySN?sn=J" spendtime="1 ms" status=200
time="2024-01-30 17:51:59" level=info Agent="Apifox/1.0.0 (https://apifox.com)" Hostname=LAPTOP-FH0DMLT2 Ip="::1" Method=POST datasize=241 path=/api/v1/login spendtime="44 ms" status=200
time="2024-01-30 17:52:19" level=info Agent="Apifox/1.0.0 (https://apifox.com)" Hostname=LAPTOP-FH0DMLT2 Ip="::1" Method=GET datasize=1156 path="/api/v1/project/getByName?name=%E7%AC%AC" spendtime="1 ms" status=200
time="2024-01-30 17:52:31" level=info Agent="Apifox/1.0.0 (https://apifox.com)" Hostname=LAPTOP-FH0DMLT2 Ip="::1" Method=GET datasize=597 path="/api/v1/project/getByName?name=%E4%B8%80" spendtime="1 ms" status=200
time="2024-01-30 17:55:37" level=info Agent="Apifox/1.0.0 (https://apifox.com)" Hostname=LAPTOP-FH0DMLT2 Ip="::1" Method=POST datasize=241 path=/api/v1/login spendtime="41 ms" status=200
time="2024-01-30 17:55:53" level=info Agent="Apifox/1.0.0 (https://apifox.com)" Hostname=LAPTOP-FH0DMLT2 Ip="::1" Method=GET datasize=68 path="/api/v1/data/getBySN?sn=J" spendtime="3 ms" status=200
time="2024-01-30 17:55:59" level=info Agent="Apifox/1.0.0 (https://apifox.com)" Hostname=LAPTOP-FH0DMLT2 Ip="::1" Method=GET datasize=68 path="/api/v1/data/getBySN?sn=JC09" spendtime="0 ms" status=200
time="2024-01-30 17:56:05" level=info Agent="Apifox/1.0.0 (https://apifox.com)" Hostname=LAPTOP-FH0DMLT2 Ip="::1" Method=GET datasize=68 path="/api/v1/data/getBySN?sn=JC09" spendtime="1 ms" status=200
time="2024-01-30 17:57:04" level=info Agent="Apifox/1.0.0 (https://apifox.com)" Hostname=LAPTOP-FH0DMLT2 Ip="::1" Method=POST datasize=241 path=/api/v1/login spendtime="40 ms" status=200
time="2024-01-30 17:57:16" level=info Agent="Apifox/1.0.0 (https://apifox.com)" Hostname=LAPTOP-FH0DMLT2 Ip="::1" Method=GET datasize=4572 path="/api/v1/data/getBySN?sn=JC09" spendtime="2 ms" status=200
time="2024-01-30 17:57:23" level=info Agent="Apifox/1.0.0 (https://apifox.com)" Hostname=LAPTOP-FH0DMLT2 Ip="::1" Method=GET datasize=49 path="/api/v1/data/getBySN?sn=%E4%B8%BA" spendtime="1 ms" status=200
time="2024-01-30 17:58:07" level=info Agent="Apifox/1.0.0 (https://apifox.com)" Hostname=LAPTOP-FH0DMLT2 Ip="::1" Method=GET datasize=375 path="/api/v1/data/getBySN?sn=%E4%B8%BA%E4%BB%80%E4%B9%88" spendtime="1 ms" status=200
